<?xml version="1.0" encoding="UTF-8"?>
<!-- Generated by org.testng.reporters.JUnitReportReporter -->
<testsuite skipped="0" hostname="Pallavi" name="com.qa.parabank.Tests.LoginPageTest" tests="14" failures="0" timestamp="02 Sep 2021 07:51:48 GMT" time="6.652" errors="0">
  <testcase name="verifyPageTitle" time="0.604" classname="com.qa.parabank.Tests.LoginPageTest"/>
  <testcase name="verifyParaBankLogo" time="0.426" classname="com.qa.parabank.Tests.LoginPageTest"/>
  <testcase name="verifyMenuList" time="0.582" classname="com.qa.parabank.Tests.LoginPageTest"/>
  <testcase name="verifyHomeIcon" time="0.166" classname="com.qa.parabank.Tests.LoginPageTest"/>
  <testcase name="verifyAboutIcon" time="0.167" classname="com.qa.parabank.Tests.LoginPageTest"/>
  <testcase name="verifyContactIcon" time="0.169" classname="com.qa.parabank.Tests.LoginPageTest"/>
  <testcase name="verifyLoginText" time="0.129" classname="com.qa.parabank.Tests.LoginPageTest"/>
  <testcase name="verifyAtmServicesLinkTest" time="0.261" classname="com.qa.parabank.Tests.LoginPageTest"/>
  <testcase name="verifyOnlineServicesLinkTest" time="0.205" classname="com.qa.parabank.Tests.LoginPageTest"/>
  <testcase name="verifyLatestNewsText" time="0.122" classname="com.qa.parabank.Tests.LoginPageTest"/>
  <testcase name="verifyNewsLink" time="0.267" classname="com.qa.parabank.Tests.LoginPageTest"/>
  <testcase name="verifyForgotLoginLink" time="0.128" classname="com.qa.parabank.Tests.LoginPageTest"/>
  <testcase name="verifyRegisterLink" time="0.150" classname="com.qa.parabank.Tests.LoginPageTest"/>
  <testcase name="verifyLoginTest" time="3.276" classname="com.qa.parabank.Tests.LoginPageTest"/>
</testsuite> <!-- com.qa.parabank.Tests.LoginPageTest -->
